e:\comfromjsw\code\guifan\x64\release\querynew.bsc
e:\comfromjsw\code\xiugai\x64\release\querynew.bsc
e:\comfromjsw\code\final\x64\release\querynew.bsc
e:\comfromjsw\code\final\x64\release\vc143.pdb
e:\comfromjsw\code\final\x64\release\bitsequence.sbr
e:\comfromjsw\code\final\x64\release\fileio.sbr
e:\comfromjsw\code\final\x64\release\match.sbr
e:\comfromjsw\code\final\x64\release\global.sbr
e:\comfromjsw\code\final\x64\release\parsedata.sbr
e:\comfromjsw\code\final\x64\release\parsequery.sbr
e:\comfromjsw\code\final\x64\release\parseresult.sbr
e:\comfromjsw\code\final\x64\release\parsequery.obj
e:\comfromjsw\code\final\x64\release\parsedata.obj
e:\comfromjsw\code\final\x64\release\global.obj
e:\comfromjsw\code\final\x64\release\match.obj
e:\comfromjsw\code\final\x64\release\fileio.obj
e:\comfromjsw\code\final\x64\release\bitsequence.obj
e:\comfromjsw\code\final\x64\release\bitparellmatch.sbr
e:\comfromjsw\code\final\x64\release\parseresult.obj
e:\comfromjsw\code\final\x64\release\bitparellmatch.obj
e:\comfromjsw\code\guifan\x64\release\querynew.ipdb
e:\comfromjsw\code\guifan\x64\release\querynew.iobj
e:\comfromjsw\code\xiugai\x64\release\querynew.ipdb
e:\comfromjsw\code\xiugai\x64\release\querynew.iobj
e:\comfromjsw\code\final\x64\release\querynew.ipdb
e:\comfromjsw\code\final\x64\release\querynew.iobj
e:\comfromjsw\code\final\x64\release\querynew.exe
e:\comfromjsw\code\final\x64\release\querynew.pdb
e:\comfromjsw\code\final\x64\release\fullmatch.obj
e:\comfromjsw\code\final\x64\release\nomutilmatch.obj
e:\comfromjsw\code\final\x64\release\fullmatch.sbr
e:\comfromjsw\code\final\x64\release\nomutilmatch.sbr
e:\comfromjsw\code\final\x64\release\querynew.tlog\bscmake.command.1.tlog
e:\comfromjsw\code\final\x64\release\querynew.tlog\bscmake.read.1.tlog
e:\comfromjsw\code\final\x64\release\querynew.tlog\bscmake.write.1.tlog
e:\comfromjsw\code\final\x64\release\querynew.tlog\cl.command.1.tlog
e:\comfromjsw\code\final\x64\release\querynew.tlog\cl.items.tlog
e:\comfromjsw\code\final\x64\release\querynew.tlog\cl.read.1.tlog
e:\comfromjsw\code\final\x64\release\querynew.tlog\cl.write.1.tlog
e:\comfromjsw\code\final\x64\release\querynew.tlog\link.command.1.tlog
e:\comfromjsw\code\final\x64\release\querynew.tlog\link.read.1.tlog
e:\comfromjsw\code\final\x64\release\querynew.tlog\link.write.1.tlog
e:\comfromjsw\code\final\x64\release\querynew.tlog\link.write.2u.tlog
